406 well
361 time
349 jim
295 good
294 ain't
292 warn't
250 de
227 en
227 tom
203 man
199 nigger
197 reckon
177 go
169 king
162 pretti
160 set
151 kind
150 night
146 duke
145 long
145 told
144 hand
142 dai
139 river
134 head
134 place
133 talk
132 till
122 peopl
122 that'
119 raft
115 thing
114 minut
112 town
103 start
101 hear
100 turn
98 know
98 three
98 troubl
98 want
97 i'd
95 work
94 lai
93 better
93 big
93 mile
92 hous
91 fetch
88 huck
88 look
86 chapter
84 monei
84 side
82 judg
80 door
80 heard
77 mind
76 boi
75 hadn't
75 laid
74 bed
73 hain't
72 dark
72 dead
72 men
72 mighti
71 begun
70 dat
70 kill
70 water
69 call
69 wood
68 half
67 thought
66 feel
66 find
66 live
66 lot
65 dollar
64 cano
64 help
63 light
63 mari
62 wait
61 fool
60 dei
60 left
60 o'
59 rest
58 ey
58 leav
57 bodi
57 dog
57 stai
57 will
57 young
56 aunt
56 stand
56 year
55 room
55 uncl
53 come
53 foot
53 there'
53 watch
52 git
52 open
52 pap
52 shove
51 hour
51 piec
50 jump
50 morn
50 poor
50 struck
49 easi
49 gun
49 island
49 think
48 bank
48 salli
46 drop
46 glad
46 tear
45 'bout
45 doctor
45 er
45 jane
44 arm
44 cours
44 face
44 sawyer
44 sound
44 white
44 world
43 listen
43 stop
43 ten
42 best
42 chanc
42 di
42 middl
41 blame
41 book
41 readi
41 sight
41 sign
41 widow
40 bad
40 buck
40 candl
40 gwyne
40 stood
39 ben
39 hold
39 hunt
39 notic
39 rais
39 read
39 sleep
38 countri
38 coupl
38 hang
38 hundr
38 log
38 slip
37 catch
37 free
37 full
37 girl
37 hors
37 steal
37 tree
36 allow
36 boat
36 bust
36 eat
36 famili
36 shore
35 aw
35 cabin
35 consider
35 jim'
35 land
35 laugh
35 rat
35 second
35 steamboat
35 t'other
35 we'd
34 ask
34 blow
34 friend
34 front
34 idea
34 prison
34 slow
34 they'r
34 wuz
33 answer
33 bet
33 busi
33 cloth
33 comfort
33 throw
33 wai
33 write
32 'll
32 breakfast
32 crowd
32 drunk
32 letter
32 lit
32 low
32 sing
32 word
31 asleep
31 bill
31 bit
31 black
31 doan'
31 happen
31 plan
31 scare
31 she'd
30 dig
30 he'll
30 hide
30 paddl
30 plai
30 road
30 shot
30 sick
30 snake
30 straight
30 wake
30 woman
29 a-go
29 care
29 cry
29 fire
29 floor
29 gentleman
29 hat
29 heart
29 high
29 leg
28 cent
28 count
28 felt
28 folk
28 luck
28 runawai
28 safe
28 shut
28 week
28 window
27 brother
27 cuss
27 den
27 float
27 hole
27 life
27 mar
27 sid
26 'm
26 agin
26 close
26 fix
26 gang
26 paper
26 pull
26 satisfi
26 spoon
25 'uz
25 broke
25 clear
25 cold
25 hard
25 lock
25 loos
25 love
25 quick
25 round
25 shirt
25 sila
25 sort
25 supper
25 tin
25 walk
25 wonder
25 worth
25 wrote
24 chain
24 corner
24 father
24 hung
24 mouth
24 power
