406 well
361 time
349 jim
295 good
294 ain't
292 warn't
250 de
227 en
227 tom
203 man
199 nigger
197 reckon
177 go
169 king
162 pretti
160 set
151 kind
150 night
146 duke
145 long
145 told
144 hand
142 dai
139 river
134 head
134 place
133 talk
132 till
122 peopl
122 that'
119 raft
115 thing
114 minut
112 town
103 start
101 hear
100 turn
98 know
98 three
98 troubl
98 want
97 i'd
95 work
94 lai
93 better
93 big
93 mile
92 hous
91 fetch
88 huck
88 look
86 chapter
84 monei
84 side
82 judg
80 door
80 heard
77 mind
76 boi
75 hadn't
75 laid
74 bed
73 hain't
72 dark
72 dead
72 men
72 mighti
71 begun
70 dat
70 kill
70 water
69 call
69 wood
68 half
67 thought
66 feel
66 find
66 live
66 lot
65 dollar
64 cano
64 help
63 light
63 mari
62 wait
61 fool
60 dei
60 left
60 o'
59 rest
58 ey
58 leav
57 bodi
57 dog
57 stai
57 will
57 young
56 aunt
56 stand
56 year
55 room
55 uncl
53 come
53 foot
53 there'
53 watch
52 git
52 open
52 pap
52 shove
51 hour
51 piec
50 jump
50 morn
50 poor
50 struck
49 easi
49 gun
49 island
49 think
48 bank
48 salli
46 drop
46 glad
46 tear
45 'bout
45 doctor
45 er
45 jane
44 arm
44 cours
44 face
44 sawyer
44 sound
44 white
44 world
43 listen
43 stop
43 ten
42 best
42 chanc
42 di
42 middl
41 blame
41 book
41 readi
41 sight
41 sign
41 widow
40 bad
40 buck
40 candl
40 gwyne
40 stood
39 ben
39 hold
39 hunt
39 notic
39 rais
39 read
39 sleep
38 countri
38 coupl
38 hang
38 hundr
38 log
38 slip
37 catch
37 free
37 full
37 girl
37 hors
37 steal
37 tree
36 allow
36 boat
36 bust
36 eat
36 famili
36 shore
35 aw
35 cabin
35 consider
35 jim'
35 land
35 laugh
35 rat
35 second
35 steamboat
35 t'other
35 we'd
34 ask
34 blow
34 friend
34 front
34 idea
34 prison
34 slow
34 they'r
34 wuz
33 answer
33 bet
33 busi
33 cloth
33 comfort
33 throw
33 wai
33 write
32 'll
32 breakfast
32 crowd
32 drunk
32 letter
32 lit
32 low
32 sing
32 word
31 asleep
31 bill
31 bit
31 black
31 doan'
31 happen
31 plan
31 scare
31 she'd
30 dig
30 he'll
30 hide
30 paddl
30 plai
30 road
30 shot
30 sick
30 snake
30 straight
30 wake
30 woman
29 a-go
29 care
29 cry
29 fire
29 floor
29 gentleman
29 hat
29 heart
29 high
29 leg
28 cent
28 count
28 felt
28 folk
28 luck
28 runawai
28 safe
28 shut
28 week
28 window
27 brother
27 cuss
27 den
27 float
27 hole
27 life
27 mar
27 sid
26 'm
26 agin
26 close
26 fix
26 gang
26 paper
26 pull
26 satisfi
26 spoon
25 'uz
25 broke
25 clear
25 cold
25 hard
25 lock
25 loos
25 love
25 quick
25 round
25 shirt
25 sila
25 sort
25 supper
25 tin
25 walk
25 wonder
25 worth
25 wrote
24 chain
24 corner
24 father
24 hung
24 mouth
24 power
24 shoulder
24 sir
24 tell
24 track
24 wall
24 yard
23 account
23 borrow
23 forgot
23 hurt
23 mo'
23 ol
23 rich
23 slid
23 stick
23 stole
23 villag
23 witch
23 women
23 yonder
22 breath
22 chang
22 chaw
22 clean
22 current
22 daylight
22 fifteen
22 finn
22 grab
22 ground
22 ladder
22 matter
22 neck
22 peter
22 pick
22 pictur
22 pie
22 shook
22 studi
22 sweat
22 tire
22 whilst
22 yell
21 --and
21 ago
21 ahead
21 ashor
21 bag
21 beat
21 camp
21 church
21 cut
21 dinner
21 dress
21 fellow
21 hair
21 hurri
21 lantern
21 lightn
21 person
21 rip
21 rope
21 run
21 save
21 smoke
21 step
21 stir
21 sudden
21 tabl
21 ti
21 whoop
21 wigwam
20 aboard
20 bottom
20 break
20 carri
20 cat
20 coffin
20 dear
20 fast
20 fell
20 fog
20 fraud
20 harm
20 i'
20 mark
20 natur
20 pass
20 plenti
20 preacher
20 quiet
20 rag
20 s'i
20 sell
20 sheet
20 skiff
20 spread
20 touch
20 watson
20 william
20 wreck
19 bother
19 chile
19 cri
19 job
19 kiss
19 late
19 looki
19 lost
19 rain
19 s'pose
19 send
19 sister
19 sold
19 solid
19 store
19 thick
19 top
19 towhead
19 wish
18 'n'
18 beauti
18 children
18 coat
18 crawl
18 cross
18 daytim
18 deep
18 differ
18 dream
18 fenc
18 fish
18 honest
18 learn
18 man'
18 mine
18 nois
18 pai
18 perfectli
18 prai
18 quarter
18 question
18 reck'n
18 rock
18 shuck
18 stair
18 ther'
18 wid
17 born
17 cave
17 chair
17 dat'
17 drownd
17 hope
17 insid
17 jis'
17 knee
17 lose
17 make
17 month
17 nice
17 plate
17 real
17 roll
17 shepherdson
17 slide
17 son
17 stretch
17 stuck
17 surpris
17 uneasi
17 you'
16 ain'
16 blanket
16 bless
16 bogg
16 dah
16 death
16 die
16 expect
16 funer
16 here'
16 law
16 let
16 lie
16 lonesom
16 longer
16 mos'
16 pen
16 pile
16 put
16 regular
16 sens
16 sherburn
16 state
16 stuff
16 sung
16 truck
16 um
16 wild
