194 will
155 feel
131 man
126 dai
124 friend
122 ey
121 appear
114 life
114 love
114 thought
113 father
109 time
95 happi
93 pass
92 night
92 return
90 mind
87 elizabeth
84 hope
80 heart
79 cottag
79 death
79 felt
79 natur
75 fear
74 live
72 dear
71 remain
70 murder
69 miser
66 continu
66 creatur
66 enter
65 hand
65 human
65 place
65 spirit
63 desir
63 miseri
63 reflect
62 heard
62 kind
60 scene
59 express
59 power
58 beauti
58 form
58 hour
58 long
56 countri
56 endeavour
55 clerval
54 justin
54 moment
54 mountain
53 despair
53 suffer
52 possess
52 year
51 arriv
51 discov
51 great
51 work
50 felix
50 horror
50 manner
50 voic
49 affect
49 letter
48 chapter
48 counten
48 light
48 wretch
47 destroi
47 idea
47 month
46 delight
46 joi
45 poor
45 sun
45 turn
45 world
44 gentl
44 men
43 endur
43 pleasur
43 rest
43 sensat
43 well
43 wonder
42 companion
42 dark
42 ic
42 quit
42 tear
41 call
41 chang
41 exist
41 good
40 imagin
40 sound
40 visit
39 hous
39 peac
39 perceiv
39 sea
39 wind
38 journei
38 promis
38 soul
38 studi
38 wood
37 heaven
37 innoc
37 morn
37 resolv
36 degre
36 earth
36 geneva
36 leav
36 strang
35 left
35 pursu
34 allow
34 child
34 fill
34 open
34 rememb
34 tale
33 dare
33 famili
33 knowledg
33 lost
33 misfortun
33 monster
33 object
33 passion
33 render
32 approach
32 cold
32 find
32 knew
32 labour
32 lake
32 learn
32 room
32 walk
31 attent
31 beheld
31 dream
31 event
31 fire
31 mother
31 observ
31 present
31 read
31 repli
31 smile
30 agoni
30 air
30 anim
30 bestow
30 fellow
30 fiend
30 lai
30 listen
30 pain
30 sight
30 sorrow
30 town
30 young
29 answer
29 convers
29 crime
29 enemi
29 grief
29 inhabit
29 look
29 scienc
29 wish
28 began
28 brought
28 girl
28 mine
28 nativ
28 seek
28 state
28 step
28 watch
27 brother
27 care
27 consol
27 determin
27 direct
27 evil
27 fix
27 food
27 greatest
27 land
27 length
27 occupi
27 receiv
27 restor
27 sister
27 victor
27 wander
27 water
26 attend
26 belov
26 bodi
26 bound
26 calm
26 commenc
26 concern
26 cousin
26 engag
26 enjoi
26 expect
26 face
26 ground
26 ill
26 interest
26 rage
26 suddenli
26 sweet
25 account
25 close
25 cloud
25 depart
25 di
25 discoveri
25 dread
25 frankenstein
25 greater
25 head
25 hear
25 henri
25 person
25 safi
25 sat
25 sleep
25 spent
25 stranger
25 tree
25 utter
25 william
24 admir
24 anguish
24 bitter
24 circumst
24 creat
24 die
24 door
24 extrem
24 languag
24 move
24 path
24 spoke
24 surpris
24 surround
24 youth
23 agit
23 conceiv
23 danger
23 dead
23 destruct
23 entir
23 free
23 longer
23 tortur
23 trembl
23 unhappi
22 acquaint
22 agatha
22 attempt
22 be
22 benevol
22 duti
22 prepar
22 reason
22 relat
22 reveng
22 seiz
22 subject
22 sympathi
22 unabl
22 view
21 consid
21 creation
21 creator
21 devot
21 england
21 father'
21 gain
21 gener
21 god
21 histori
21 moon
21 paus
21 purpos
