374 hand
336 lorri
314 time
289 defarg
289 will
282 man
241 face
229 prison
217 dai
216 good
212 head
199 ey
194 night
193 look
193 madam
192 long
191 doctor
182 turn
170 well
163 great
162 father
155 manett
150 life
149 pross
148 carton
144 door
138 darnai
135 peopl
134 busi
127 mind
127 young
124 street
123 arm
123 dear
123 luci
123 pass
123 place
121 year
120 light
120 three
118 dark
116 answer
116 monsieur
116 work
109 cruncher
108 open
106 jerri
105 return
103 hope
103 monseigneur
102 room
102 stryver
101 left
100 close
100 live
100 road
100 sir
99 sat
97 call
97 charl
96 hous
96 voic
95 manner
94 friend
94 wife
92 hour
92 stood
90 ask
89 men
88 better
88 child
87 go
87 husband
87 poor
86 knew
86 moment
86 thought
84 tellson'
80 brought
80 heart
80 lai
78 love
78 speak
77 window
76 marqui
75 walk
74 side
73 jacqu
73 paper
73 sydnei
72 stop
71 question
71 stone
70 gentleman
70 touch
69 air
68 hold
68 observ
68 round
68 word
66 thing
66 woman
64 fire
64 hear
63 appear
63 dead
63 death
63 hair
63 heard
63 knit
63 set
63 strong
63 wine
62 brother
62 carri
62 chang
62 corner
62 daughter
62 leav
62 pari
61 cri
61 move
61 natur
61 rest
61 wall
60 citizen
60 drop
60 gener
60 state
59 point
59 saint
59 spy
57 figur
57 franc
57 sound
56 bank
56 hundr
55 breast
55 carriag
55 express
55 half
55 held
55 hors
55 ladi
55 shadow
54 morn
54 wine-shop
53 care
53 repeat
53 watch
52 court
52 find
52 laid
52 low
52 red
52 stand
52 struck
52 villag
52 women
51 case
50 come
50 crowd
50 doubt
50 rais
50 rememb
50 shoulder
49 antoin
49 confid
48 began
48 finger
48 hard
48 secret
48 usual
47 kind
47 person
47 remain
46 dread
46 english
46 evremond
46 lip
45 chapter
45 coach
45 french
45 help
45 honour
45 letter
45 mender
45 mother
45 reason
45 told
44 bed
44 drink
44 feet
44 step
43 bad
43 barsad
43 bear
43 danger
43 feel
43 guard
43 read
43 sight
43 small
43 vengeanc
42 bar
42 boi
42 fell
42 forc
42 glanc
42 lost
42 passeng
42 quiet
42 wait
41 echo
41 fear
41 fountain
41 happi
41 high
41 matter
41 rise
41 shoe
41 short
41 true
41 water
41 whisper
41 world
40 best
40 fellow
40 save
40 spoke
39 chair
39 citi
39 direct
39 england
39 patriot
39 seat
38 breath
38 dress
38 interest
38 minut
38 slowli
37 black
37 bring
37 countri
37 ground
37 heavi
37 larg
37 tabl
37 tear
37 travel
36 courtyard
36 ear
36 famili
36 gate
36 heaven
36 hurri
36 paus
36 remark
36 silenc
36 sun
36 troubl
36 wit
35 listen
35 make
35 power
35 present
35 readi
34 draw
34 hill
34 suffer
34 tone
33 cap
33 expect
33 father'
33 happen
33 prai
33 pretti
33 republ
33 rose
33 sea
33 second
33 smile
33 wonder
33 write
32 ago
32 blood
32 cry
32 public
32 suppos
32 to-morrow
32 understand
32 wind
31 attent
31 custom
31 enter
31 even
31 fall
31 form
31 glass
31 human
