1991 man
1374 mariu
1234 will
1188 jean
1120 valjean
1024 cosett
895 time
870 dai
818 hand
809 good
747 de
745 chapter
669 rue
668 ey
655 moment
625 thought
621 father
608 men
604 well
593 pass
588 nardier
575 turn
557 call
554 light
541 head
524 door
522 open
514 love
505 hous
503 sort
502 great
494 peopl
477 year
473 enter
470 child
466 javert
466 place
462 franc
457 street
456 night
454 point
437 three
432 longer
428 woman
424 repli
423 life
421 hour
420 young
418 return
417 arm
413 pari
407 live
403 long
403 mother
400 wall
394 remain
387 face
386 soul
383 voic
380 order
367 monsieur
365 appear
364 god
353 left
348 form
344 barricad
342 air
331 side
328 fact
325 bishop
321 gavroch
314 girl
307 person
304 felt
301 hundr
301 thing
300 fauchelev
299 go
299 poor
298 close
295 garden
295 word
291 la
289 idea
287 le
285 black
284 madelein
280 heart
279 set
278 heard
275 bed
271 gaze
269 madam
264 mind
260 human
259 happi
258 dark
258 white
256 enjolra
255 even
255 speak
254 exist
253 shadow
253 work
247 window
240 walk
239 dead
239 death
238 gillenormand
238 tabl
237 morn
237 step
235 children
234 matter
232 began
232 fall
231 arriv
230 don
229 reach
228 fire
225 book
224 terribl
223 natur
222 forc
221 full
220 ag
220 room
219 direct
219 question
218 rais
216 beneath
215 smile
213 glanc
213 second
212 larg
211 fantin
210 corner
210 stone
209 water
205 feet
205 letter
203 exclaim
203 world
201 prison
200 possess
197 fell
196 case
195 find
191 sister
190 breath
190 convent
190 perceiv
190 polic
188 carri
188 revolut
187 rest
187 sewer
186 front
185 round
183 continu
183 courfeyrac
183 manner
183 recogn
182 laugh
182 talk
179 read
179 sir
178 clock
177 earth
177 leav
176 jondrett
176 resum
175 mysteri
174 allow
173 seiz
171 beauti
171 held
170 cold
170 hold
170 knew
170 true
169 guard
169 listen
167 escap
166 state
165 disappear
163 resembl
163 silenc
162 daughter
161 low
160 sou
159 chamber
159 gener
159 king
159 lost
159 loui
159 month
159 women
158 paper
158 quarter
158 receiv
158 tree
158 understand
157 hors
157 joi
156 iron
155 fear
155 fill
155 sound
154 address
154 feel
154 stood
154 wait
153 caught
153 seat
152 convict
152 societi
151 napoleon
151 utter
150 produc
150 suffer
150 touch
150 war
149 half
148 beheld
148 centuri
148 hair
148 shout
147 dream
147 pocket
147 render
147 road
147 small
146 hear
146 rose
145 cri
144 law
144 plai
144 watch
143 make
142 battl
141 grave
141 presenc
140 advanc
140 ground
140 minut
139 depth
139 fine
139 piec
139 sight
138 name
138 reader
138 strang
137 ask
137 friend
137 halt
137 suddenli
136 approach
136 foot
136 grandfath
136 lai
135 ancient
135 grand
135 mouth
135 nation
135 stand
135 vagu
134 chang
134 told
133 cours
133 cut
133 wound
132 better
132 brought
132 cast
132 famili
132 look
131 cloth
131 dress
130 charm
130 coat
130 obscur
130 serv
129 cover
129 movement
129 respect
129 soldier
128 attent
128 belong
128 candl
128 conceal
128 doubt
128 evid
128 monei
128 post
128 short
127 english
127 imposs
127 red
127 twenti
126 bear
126 emerg
125 desir
125 floor
125 histori
125 sign
125 visibl
124 brother
124 duti
124 heaven
124 public
122 cross
122 pace
121 complet
121 drop
121 immens
121 kill
121 mayor
121 mingl
121 reason
121 sleep
120 descend
120 gallei
120 offic
119 extrem
118 boulevard
118 save
118 ten
117 observ
117 pai
117 sun
117 sword
116 present
116 reflect
116 spot
116 trembl
115 absolut
115 admir
115 bottom
115 die
115 du
115 power
115 sad
115 situat
114 express
114 laid
114 melancholi
114 paus
113 drew
113 leblanc
113 remark
112 attack
112 author
112 chanc
112 creatur
112 mademoisel
112 squar
112 troubl
112 truth
111 ador
111 broken
111 cloud
111 divin
111 profound
111 waterloo
110 carriag
110 eat
110 french
110 hat
110 march
110 mass
109 armi
109 encount
109 travers
108 bodi
108 knee
108 singl
108 to-dai
108 wind
107 gun
107 hole
107 lower
107 occas
107 offer
107 progress
107 rise
107 star
107 travel
106 conscienc
106 fellow
106 flower
106 town
105 bourgeoi
105 branch
105 caus
105 civil
105 hope
105 ii
105 peac
105 rain
105 secret
105 slang
105 view
104 bad
104 citi
104 epoch
104 gloomi
104 stare
103 bit
103 combat
103 countri
102 bar
102 blow
102 despair
102 fright
101 bread
101 come
101 cry
101 demand
101 evil
101 fallen
101 move
101 paid
101 pavement
101 wretch
100 chair
100 hideou
99 angl
99 liberti
99 pretti
99 social
99 stranger
98 accept
98 distanc
98 notic
98 object
98 peculiar
98 shoulder
98 third
98 tone
98 wife
97 ago
97 answer
97 burst
97 fold
97 grow
97 rememb
97 repeat
96 behold
96 instant
95 care
95 crime
95 futur
95 glass
95 iv
95 mabeuf
95 saint
95 struck
95 think
94 angel
94 blood
94 ear
94 examin
94 forest
94 honor
94 teeth
94 to-morrow
93 grate
93 husband
93 midst
93 miseri
93 pontmerci
92 alarm
92 blind
92 brow
92 enorm
92 iii
92 nail
92 permit
92 porter
91 bent
91 condemn
91 doctor
91 fault
91 number
91 thrust
90 finish
90 gate
90 montparnass
90 nun
90 rich
90 subject
89 monseigneur
89 servic
89 singular
89 succeed
89 unknown
88 affair
88 bird
88 combeferr
88 dare
88 desert
88 entir
88 fashion
88 pale
88 ponin
88 rag
88 requir
88 simpl
88 vanish
87 arrang
87 fix
87 ll
87 master
87 mount
87 priest
87 provid
87 quit
87 success
87 tear
87 understood
86 bare
86 destini
86 figur
86 formid
86 high
86 retreat
86 roof
86 slowli
85 build
85 grantair
85 habit
85 ignor
85 lead
85 preced
85 spring
85 terror
84 calm
84 erect
84 fatal
84 group
84 happen
84 innoc
84 son
83 action
83 admit
83 end
83 fifteen
83 gentl
83 horribl
83 oblig
83 pick
83 smoke
83 top
83 write
82 justic
82 memori
82 nois
82 surpris
81 break
81 deal
81 final
81 lack
81 ladi
81 rope
81 ruin
81 spoke
80 blue
80 commun
80 dog
80 draw
80 hast
80 medit
80 mention
80 polit
80 shoe
80 sombr
80 wine
80 wit
79 big
79 church
79 effort
79 event
79 explain
79 fortun
79 illumin
79 neighbor
79 sever
79 youth
78 compos
78 drink
78 june
78 line
78 murmur
78 seriou
77 busi
77 contempl
77 danger
77 dawn
77 emperor
