405 dorian
248 lord
223 henri
221 life
202 will
187 grai
172 harri
170 man
153 basil
151 love
131 time
127 thing
122 wonder
121 answer
121 face
121 hand
116 ey
110 good
99 beauti
98 cri
96 peopl
94 look
92 moment
92 room
91 world
90 thought
87 dai
87 go
84 laugh
82 sibyl
81 hallward
81 round
79 art
78 pass
78 passion
77 charm
77 told
76 felt
76 long
74 great
74 ladi
74 pictur
73 dear
73 live
73 turn
72 men
70 young
69 door
69 talk
67 soul
66 horribl
66 women
65 lip
65 plai
64 smile
63 night
62 well
61 ask
60 afraid
60 feel
60 strang
59 call
58 hous
57 paint
57 sens
56 terribl
55 better
55 friend
55 sir
55 tabl
54 one'
54 sin
54 vane
53 left
53 portrait
51 cours
51 head
51 work
50 pleasur
50 secret
50 voic
50 white
49 true
48 curiou
48 open
47 knew
47 rememb
47 suddenli
47 year
46 absolut
46 chang
46 dread
46 leav
46 watch
45 girl
45 lad
44 artist
44 began
44 duchess
44 sit
43 mad
43 marri
43 murmur
42 mother
41 real
40 dead
40 delight
40 met
40 person
40 simpli
39 colour
39 fanci
39 interest
39 place
39 walk
39 woman
38 forget
38 natur
38 painter
37 heard
37 mind
37 touch
36 ag
36 bad
36 suppos
36 wait
36 youth
35 book
35 fascin
35 find
35 god
35 help
35 joi
35 matter
35 music
35 read
35 reason
34 air
34 boi
34 express
34 gold
34 pain
34 rose
34 stood
33 alan
33 happi
33 light
33 to-night
32 death
32 hideou
31 enter
31 feet
31 red
31 sat
30 dress
30 garden
30 hair
30 influenc
30 kind
30 stir
30 wild
30 window
29 close
29 exquisit
29 kill
29 poor
28 form
28 move
28 shook
28 terror
27 bodi
27 brought
27 chair
27 even
27 fellow
27 hear
27 heart
27 hour
27 late
27 understand
26 arm
26 brain
26 campbel
26 finger
26 heavi
26 month
26 morn
26 sigh
25 black
25 blue
25 care
25 chapter
25 flower
25 glanc
25 happen
25 hope
25 larg
25 minut
25 monstrou
25 perfect
25 point
25 servant
25 shadow
25 street
25 three
24 appear
24 dream
24 experi
24 fear
24 fill
24 gentleman
24 hate
24 horror
24 listen
24 manner
24 romanc
24 speak
24 till
24 troubl
23 bring
23 canva
23 drew
23 fact
23 front
23 idea
23 imagin
23 mere
23 sort
23 word
23 worship
22 alter
22 best
22 broke
22 coat
22 exclaim
22 grace
22 memori
22 reveal
22 shame
22 shoulder
22 silver
22 stand
22 start
22 step
22 tragedi
22 wife
21 bear
21 blood
21 club
21 de
21 di
21 monei
21 perfectli
21 set
21 son
21 spoke
21 tell
21 theatr
21 whisper
20 come
20 consciou
20 dinner
20 entir
20 fire
20 flung
20 grew
20 ly
20 marriag
20 marvel
20 mouth
20 murder
20 narborough
20 princ
20 stai
20 suffer
20 tear
20 tire
20 write
19 act
19 cigarett
19 cold
19 common
19 curtain
19 emot
19 extraordinari
19 fell
19 good-by
19 grave
19 husband
19 letter
19 london
19 mysteri
19 poison
19 sound
19 subtl
19 wrong
18 ago
18 corner
18 desir
18 discov
18 frown
18 grow
18 jame
18 line
18 mar
18 meet
18 pari
18 scarlet
18 scene
18 screen
18 seriou
18 shudder
18 slowli
18 sorrow
18 studio
18 vulgar
18 want
18 yellow
17 bore
17 cheek
17 child
17 confess
17 crept
17 dine
17 ear
17 fantast
17 glad
17 huge
17 imposs
17 lose
17 lost
17 mutter
17 piti
17 reach
17 send
17 shallow
17 silli
17 trembl
17 view
16 admir
16 burn
16 chanc
16 destroi
16 domin
16 england
16 exhibit
16 figur
16 forgiv
16 green
16 horrid
16 kei
16 kiss
16 lean
16 low
16 mode
16 moral
16 o'clock
16 question
16 realiz
16 remind
16 seat
16 silent
16 spoil
16 stop
16 stori
16 ugli
16 week
15 ador
15 assur
15 bit
15 bow
15 centuri
15 dare
15 dark
15 english
15 evil
15 explain
15 finish
15 full
15 hung
15 intellectu
15 jim
15 modern
15 mood
15 pai
15 pure
15 rate
15 rich
15 societi
15 think
15 upstair
14 absurd
14 annoi
14 bird
14 breath
14 die
14 escap
14 examin
14 fatal
14 father
14 fine
14 gaze
14 glass
14 hat
14 hesit
14 lai
14 lock
14 mirror
14 note
14 order
14 pale
14 promis
14 remain
14 romant
14 shape
14 side
14 silk
14 sought
14 stain
14 store
14 ten
14 theori
13 allow
13 american
13 box
13 bright
13 consol
13 continu
13 corrupt
13 cover
13 creep
13 crime
13 cry
13 danger
13 dim
13 disappoint
13 dull
13 elabor
13 erskin
13 extrem
13 fashion
13 fond
13 heaven
13 henry'
13 hidden
13 ideal
13 indiffer
13 infinit
13 jewel
13 juliet
13 lamp
13 lead
13 librari
13 make
13 piec
13 put
13 realiti
13 refus
13 rush
13 search
13 small
13 subject
13 sure
13 taught
13 thin
13 to-dai
13 type
13 uncl
13 valet
13 visibl
12 agatha
12 bell
12 carri
12 caught
12 commit
12 conscienc
12 countri
12 cruel
12 curios
12 deal
12 determin
12 exist
12 fall
12 forehead
12 forgotten
12 geoffrei
12 gilt
12 half
12 imag
12 insist
12 mine
12 mock
12 nowadai
12 opera
12 pearl
12 pretti
12 regret
12 remark
12 ruin
12 sad
12 selbi
12 shrug
12 shut
12 sign
12 sleep
12 smoke
12 star
12 sunlight
12 to-morrow
12 top
12 treat
12 wall
12 wave
12 yesterdai
11 aunt
11 boyhood
11 brother
11 burden
11 ceas
11 cloth
11 creatur
11 cup
11 curious
11 curv
11 describ
11 doubt
11 earli
11 echo
11 engag
11 faint
11 floor
11 foolish
11 forc
11 georg
11 gray'
11 hall
11 hide
11 jealou
11 laid
11 lit
11 loath
11 paus
11 prayer
11 produc
11 purpl
11 repeat
11 return
11 rise
11 scandal
11 scientif
11 second
11 shake
11 shot
11 sick
11 silenc
11 sing
11 sky
11 stroll
11 struck
11 summer
11 tediou
11 town
11 tragic
11 understood
11 wind
11 worth
11 wrinkl
11 wrought
10 belong
10 beneath
10 born
10 buri
10 cruelti
10 crush
10 delic
10 dreadfulli
10 drove
10 embroid
10 fade
10 flash
10 futur
10 geniu
10 gladi
10 gleam
10 greek
10 half-past
10 hallward'
10 hard
10 histori
10 hors
10 hundr
10 intellect
10 ivori
10 king
10 knife
10 knock
10 led
10 like
10 mask
10 mention
