405 dorian
248 lord
223 henri
221 life
202 will
187 grai
172 harri
170 man
153 basil
151 love
131 time
127 thing
122 wonder
121 answer
121 face
121 hand
116 ey
110 good
99 beauti
98 cri
96 peopl
94 look
92 moment
92 room
91 world
90 thought
87 dai
87 go
84 laugh
82 sibyl
81 hallward
81 round
79 art
78 pass
78 passion
77 charm
77 told
76 felt
76 long
74 great
74 ladi
74 pictur
73 dear
73 live
73 turn
72 men
70 young
69 door
69 talk
67 soul
66 horribl
66 women
65 lip
65 plai
64 smile
63 night
62 well
61 ask
60 afraid
60 feel
60 strang
59 call
58 hous
57 paint
57 sens
56 terribl
55 better
55 friend
55 sir
55 tabl
54 one'
54 sin
54 vane
53 left
53 portrait
51 cours
51 head
51 work
50 pleasur
50 secret
50 voic
50 white
49 true
48 curiou
48 open
47 knew
47 rememb
47 suddenli
47 year
46 absolut
46 chang
46 dread
46 leav
46 watch
45 girl
45 lad
44 artist
44 began
44 duchess
44 sit
43 mad
43 marri
43 murmur
42 mother
41 real
40 dead
40 delight
40 met
40 person
40 simpli
39 colour
39 fanci
39 interest
39 place
39 walk
39 woman
38 forget
38 natur
38 painter
37 heard
37 mind
37 touch
36 ag
36 bad
36 suppos
36 wait
36 youth
35 book
35 fascin
35 find
35 god
35 help
35 joi
35 matter
35 music
35 read
35 reason
34 air
34 boi
34 express
34 gold
34 pain
34 rose
34 stood
33 alan
33 happi
33 light
33 to-night
32 death
32 hideou
31 enter
31 feet
31 red
31 sat
30 dress
30 garden
30 hair
30 influenc
30 kind
30 stir
30 wild
30 window
29 close
29 exquisit
29 kill
29 poor
28 form
28 move
28 shook
28 terror
27 bodi
27 brought
27 chair
27 even
27 fellow
27 hear
27 heart
27 hour
27 late
27 understand
26 arm
26 brain
26 campbel
26 finger
26 heavi
26 month
26 morn
26 sigh
25 black
25 blue
25 care
25 chapter
25 flower
25 glanc
25 happen
25 hope
25 larg
25 minut
25 monstrou
25 perfect
25 point
25 servant
25 shadow
25 street
25 three
24 appear
24 dream
24 experi
24 fear
24 fill
24 gentleman
24 hate
24 horror
24 listen
24 manner
24 romanc
24 speak
24 till
24 troubl
23 bring
23 canva
23 drew
23 fact
23 front
23 idea
23 imagin
23 mere
23 sort
23 word
23 worship
22 alter
22 best
22 broke
22 coat
22 exclaim
22 grace
22 memori
22 reveal
22 shame
22 shoulder
22 silver
22 stand
22 start
22 step
22 tragedi
22 wife
21 bear
21 blood
21 club
21 de
21 di
21 monei
21 perfectli
21 set
21 son
21 spoke
21 tell
21 theatr
21 whisper
20 come
20 consciou
20 dinner
20 entir
20 fire
20 flung
20 grew
20 ly
20 marriag
20 marvel
20 mouth
20 murder
20 narborough
20 princ
20 stai
20 suffer
20 tear
20 tire
20 write
19 act
19 cigarett
19 cold
19 common
19 curtain
19 emot
19 extraordinari
19 fell
19 good-by
19 grave
19 husband
19 letter
19 london
19 mysteri
19 poison
19 sound
19 subtl
19 wrong
18 ago
18 corner
18 desir
18 discov
