477 --
449 will
425 time
334 hand
323 van
300 hels
234 good
233 well
227 room
224 luci
224 sleep
223 dear
223 mina
223 night
221 friend
216 man
215 face
212 dai
208 ey
207 door
200 open
196 fear
191 poor
189 dr
189 jonathan
184 look
181 great
171 work
170 thing
167 thought
161 place
155 professor
154 count
151 long
150 god
147 ask
146 heart
146 turn
143 men
142 life
141 told
140 hous
138 love
133 arthur
133 till
129 close
128 knew
127 window
124 feel
117 find
117 pass
115 help
114 harker
113 began
113 diari
113 moment
112 call
112 come
111 hear
110 mind
109 dead
109 terribl
107 answer
107 rest
107 round
106 head
104 morn
104 white
102 blood
101 whilst
100 wait
99 box
99 dark
99 speak
98 left
98 letter
98 read
98 strang
97 light
95 madam
91 heard
91 sort
91 watch
89 bed
89 move
87 felt
87 full
85 evid
85 to-night
84 godalm
83 soul
82 leav
82 seward
82 write
81 hour
80 hope
80 quincei
79 stood
78 lai
77 better
77 case
77 lord
77 spoke
76 death
75 john
74 care
74 kind
74 live
74 lucy'
74 sweet
73 held
73 morri
73 readi
72 side
71 red
70 matter
70 point
70 set
69 go
69 sat
69 wonder
67 london
67 ship
66 arm
66 start
65 wake
64 hold
64 voic
64 water
64 word
63 an'
63 troubl
62 harker'
62 hors
62 lip
62 trust
61 talk
61 world
60 bodi
60 chang
60 child
60 journal
60 paper
60 power
60 three
59 attend
59 fell
59 happi
59 meet
59 septemb
59 understand
58 grave
58 patient
58 step
58 to-dai
57 enter
57 kei
57 late
57 seward'
57 sit
57 true
56 arriv
56 notic
56 paus
56 strong
56 woman
55 fellow
55 heavi
55 minut
55 sound
55 suppos
55 touch
54 chapter
54 comfort
54 doubt
54 husband
54 lock
54 smile
53 breath
53 castl
53 natur
53 quick
53 remain
52 air
52 dog
52 dread
52 learn
52 pain
52 rais
52 rememb
52 return
52 suddenli
52 young
51 best
51 peopl
51 sun
50 silenc
50 want
49 brain
49 danger
49 dream
49 grew
49 stai
48 beauti
48 expect
48 interest
48 wind
47 asleep
47 hard
47 question
47 walk
46 grow
46 sea
46 stop
46 throat
45 big
45 bring
45 carri
45 count'
45 effort
45 feet
45 idea
45 strength
45 studi
45 to-morrow
45 women
44 glad
44 instant
44 simpli
44 sir
44 sunset
43 chanc
43 cold
43 die
43 fact
43 half
43 happen
43 land
43 o'clock
43 quiet
43 rush
43 silent
43 whitbi
43 wolv
42 duti
42 ground
42 laid
42 order
42 promis
42 rose
42 save
41 afraid
41 experi
41 fall
41 fire
41 kiss
41 lost
41 octob
41 reason
41 seat
41 train
41 wild
40 cours
40 ear
40 girl
40 ladi
40 laugh
40 pale
40 repli
40 shock
40 sight
40 sign
40 teeth
40 tell
40 wish
39 cross
39 drew
39 form
39 knowledg
39 renfield
39 small
39 snow
39 threw
38 black
38 cut
38 mother
38 purpos
38 send
38 task
38 tomb
38 wall
37 brave
37 brought
37 follow
37 high
37 mouth
37 prepar
37 state
37 westenra
36 coffin
