620 peopl
382 hous
365 infect
306 time
257 plagu
206 citi
206 great
199 poor
174 street
173 parish
166 famili
158 di
153 call
153 sick
153 well
150 distemp
148 dai
146 town
138 good
137 dead
137 shut
136 place
132 week
129 man
125 person
121 carri
119 number
115 thing
114 live
108 bodi
108 case
108 st
107 observ
101 london
101 will
100 countri
98 began
95 hand
95 till
89 door
83 danger
83 order
82 god
82 three
81 heard
80 bill
79 manner
78 visit
76 account
74 gener
74 men
74 side
72 fright
72 open
71 john
70 left
69 true
67 brought
67 lai
67 lord
66 trade
65 offic
65 set
64 monei
64 physician
64 remov
64 thought
63 long
63 night
63 told
62 appear
61 year
60 mention
59 occas
59 reason
59 stai
58 ship
57 direct
57 dread
55 kind
54 buri
54 cart
54 sound
53 care
53 increas
52 continu
52 death
52 distress
52 go
52 provis
50 come
50 field
50 work
49 church
48 fire
48 preserv
48 public
48 spread
47 abroad
47 pass
45 answer
45 oblig
45 part
44 condit
44 river
43 head
43 mayor
43 suppos
41 constabl
41 die
41 leav
41 return
41 terribl
40 full
40 knew
40 magistr
40 servant
39 busi
39 common
39 examin
39 fled
39 happen
39 resolv
39 speak
39 talk
39 turn
38 air
38 appoint
38 attend
38 suffer
38 window
37 bed
37 calam
37 fell
37 nurs
37 rest
37 sort
36 diseas
36 month
36 opinion
36 receiv
35 health
35 notic
35 septemb
35 ventur
34 children
34 escap
34 fetch
34 frequent
34 look
34 neighbour
34 surpris
34 travel
34 violenc
34 women
33 find
33 help
33 prevent
33 stori
32 bring
32 chariti
32 consid
32 hear
32 hope
32 laid
32 market
32 mind
32 tent
31 abat
31 allei
31 hors
31 rage
31 room
31 violent
31 whitechappel
30 august
30 brother
30 concern
30 creatur
30 friend
30 justic
30 pit
30 rememb
30 road
30 stepnei
30 watchmen
29 master
29 watchman
28 child
28 compani
28 convers
28 dismal
28 fear
28 hard
28 pretend
28 recov
28 weekli
27 abund
27 better
27 consequ
27 court
27 desper
27 judgement
27 woman
26 afraid
26 confess
26 contagion
26 depend
26 ground
26 hour
26 ordinari
26 pleas
26 relat
26 relief
26 report
26 touch
26 walk
25 ask
25 expect
25 heart
25 inhabit
25 lock
25 minist
25 prepar
25 reach
25 usual
25 weather
24 assist
24 break
24 cloth
24 crippleg
24 dead-cart
24 dy
24 extrem
24 face
24 fellow
24 fit
24 imposs
24 lodg
24 merci
24 mother
24 natur
24 perish
24 provid
24 suppli
24 terror
24 wife
23 aldgat
23 assur
23 cri
23 desir
23 gate
23 heaven
23 hundr
23 ill
23 run
23 sever
23 stop
23 utmost
23 wonder
22 aldermen
22 churchyard
22 emploi
22 exampl
22 fill
22 know
22 liberti
22 safeti
22 southwark
22 want
21 --
21 allow
21 apprehens
21 board
21 boat
21 bread
21 chiefli
21 confin
21 evid
21 forc
21 giles'
21 height
21 juli
21 make
21 pain
21 passag
21 remain
21 send
21 swell
21 world
20 alarm
20 breath
20 circumst
20 citizen
20 cry
20 difficulti
20 duti
20 employ
20 england
20 entir
20 grave
20 kill
20 larg
20 lie
20 privat
20 terrifi
20 wall
20 water
19 charg
19 courag
19 decreas
19 encourag
19 ey
19 hazard
19 matter
19 morn
19 pest-hous
19 prodigi
19 purpos
19 reliev
19 retir
19 secur
19 shop
19 shoreditch
19 stand
19 starv
19 stood
19 suburb
19 suffici
19 ten
18 arm
18 best
18 bui
18 burial
18 caus
18 degre
18 distract
18 free
18 high
18 knowledg
18 likewis
18 moment
18 mortal
18 safe
18 spare
18 spirit
18 stir
18 thank
18 word
17 belong
17 bishopsg
17 broke
17 burn
17 conduct
17 distanc
17 doubt
17 easi
17 east
17 enter
17 express
17 inquir
17 januari
17 length
17 life
17 method
17 miseri
17 nation
17 object
17 offer
17 physic
17 power
17 present
17 scarc
17 shore
17 short
17 soldier
17 strang
17 token
17 wap
16 000
16 blood
16 caution
16 close
16 consider
16 decemb
16 desol
16 discov
16 empti
16 endeavour
16 guard
16 joiner
16 ly
16 manufactur
16 middl
16 multitud
16 necess
16 north
16 notion
16 peac
16 poison
16 proper
16 punish
16 question
16 rais
16 round
16 support
16 twenti
16 west
15 acknowledg
15 articl
15 burier
15 cold
15 conceal
15 counti
15 cours
15 despair
15 even
15 februari
15 fly
15 furnish
15 lament
15 lane
15 law
15 meet
15 miser
15 perceiv
15 plunder
15 point
15 religi
15 retreat
15 seriou
15 small
15 thousand
15 thrown
15 vast
15 wors
14 barn
14 calcul
14 content
14 contrari
14 corn
14 cross
14 deal
14 deliv
14 effectu
14 execut
14 fall
14 farther
14 fever
14 forest
14 govern
14 grew
14 heat
14 hold
14 hot
14 labour
14 late
14 manag
14 met
14 particular
14 people'
14 publish
14 ratcliff
14 remark
14 seiz
14 sign
14 sir
14 state
14 surgeon
14 tend
14 thoma
14 truth
14 wander
14 wick
13 acquaint
13 admit
13 advic
13 believ
13 built
13 coal
13 compass
13 complain
13 crowd
13 cure
13 destroi
13 disturb
13 effect
13 enemi
13 ep
13 fast
13 food
13 god'
13 horror
13 innumer
13 measur
13 merchant
13 nake
13 refus
13 remedi
13 richard
