288 jack
268 algernon
255 cecili
176 gwendolen
140 ladi
125 bracknel
84 prism
80 ernest
71 will
67 well
64 dear
63 chasubl
61 worth
53 brother
47 lane
45 bunburi
42 good
41 marri
40 enter
39 time
38 aunt
36 merriman
32 call
32 engag
32 life
31 fact
31 peopl
31 perfectli
30 cours
30 sir
29 man
27 speak
26 hand
26 uncl
25 cardew
25 christen
25 love
25 young
24 hous
23 augusta
23 fairfax
22 girl
22 moment
22 suppos
22 talk
22 town
21 algi
21 case
21 kind
19 matter
18 countri
18 dr
18 eat
18 place
18 rise
18 seriou
18 year
17 hope
17 pleasur
17 poor
16 afternoon
16 allow
16 hand-bag
16 live
16 muffin
16 natur
15 afraid
15 ag
15 go
15 mention
15 propos
15 room
15 sit
15 thing
14 better
14 darl
14 diari
14 great
14 london
14 question
14 round
13 bad
13 boi
13 feel
13 garden
13 hear
13 long
13 order
13 produc
13 told
13 wait
13 week
12 cigarett
12 dai
12 dine
12 doubt
12 duti
12 earth
12 fellow
12 guardian
12 tabl
12 tea
12 three
11 absolut
11 absurd
11 care
11 child
11 cousin
11 extrem
11 friend
11 german
11 mamma
11 manner
11 men
11 point
11 prai
11 read
11 sever
11 till
10 bunburyist
10 glad
10 half
10 hour
10 idea
10 john
10 kiss
10 leav
10 met
10 mind
10 moncrieff
10 nonsens
10 offer
10 shake
10 subject
10 take
10 truth
9 beg
9 busi
9 butter
9 entir
9 heaven
9 interest
9 left
9 one'
9 person
9 plai
9 pleasant
9 posit
9 put
9 sweet
9 thought
9 turn
9 woman
9 women
8 admit
8 babi
8 bread
8 charact
8 christian
8 consent
8 cucumb
8 delight
8 depend
8 famili
8 lead
8 marriag
8 modern
8 morn
8 mother
8 music
8 pain
8 parent
8 perfect
8 state
8 terribl
8 unfortun
8 ward
8 world
7 admir
7 ahem
7 attract
7 book
7 chang
7 charm
7 clever
7 cough
7 desir
7 embrac
7 expect
7 find
7 forgiv
7 gener
7 happi
7 head
7 health
7 inform
7 invalid
7 knew
7 larg
7 letter
7 lord
7 markbi
7 mondai
7 nice
7 pardon
7 paus
7 pick
7 polit
7 practic
7 pretti
7 public
7 respect
7 sandwich
7 sens
7 stand
7 station
7 strang
7 understand
7 wick
7 wonder
7 work
7 write
6 address
6 advanc
6 advis
6 amus
6 anxiou
6 appear
6 arrang
6 behav
6 bore
6 canon
6 chill
6 clear
6 cloth
6 come
6 consid
6 death
6 die
6 dinner
6 exactli
6 express
6 fear
6 flower
6 fond
6 gentleman
6 glare
6 hate
6 heard
6 heartless
6 horrid
6 indign
6 influenc
6 intend
6 kindli
6 lost
6 moral
6 move
6 nephew
6 opportun
6 pari
6 peculiarli
6 rate
6 readi
6 rememb
6 return
6 romant
6 rose
6 slight
6 small
6 social
6 sofa
6 stai
6 suddenli
5 account
5 ago
5 alter
5 answer
5 approv
5 awar
5 beauti
5 bow
5 cake
5 card
5 cardew'
5 carefulli
5 confid
5 dead
5 deni
5 di
5 disappoint
5 doctor
5 draw
5 dress
5 excess
5 explan
5 father
5 felt
5 flirt
5 form
