1897 princ
1788 pierr
1093 natsha
1078 face
1073 time
1069 will
1067 man
1040 andrew
900 princess
896 thought
875 french
874 ey
865 hand
818 room
805 rostv
760 men
732 chapter
725 dai
725 smile
714 began
706 moscow
687 turn
685 armi
685 well
684 ask
671 count
647 look
644 offic
643 gener
632 love
629 felt
620 mari
619 head
609 order
605 left
598 nichola
598 russian
589 life
565 voic
555 peopl
551 emperor
551 talk
549 command
546 feel
534 long
524 express
522 hors
521 soldier
497 heard
488 repli
484 napoleon
461 moment
452 hous
449 countess
447 kutzov
442 young
433 move
431 side
428 suddenli
427 round
426 evid
422 understand
419 good
416 shout
412 snya
409 knew
409 told
384 dear
379 battl
375 speak
373 densov
370 arm
368 continu
367 place
364 call
362 pass
355 door
348 question
344 sat
342 answer
340 enter
339 fire
336 father
323 notic
323 war
320 go
320 happi
319 listen
315 glanc
315 posit
311 leav
307 stood
303 regiment
297 crowd
297 remain
295 live
295 return
293 anna
292 happen
291 sit
291 step
290 letter
289 receiv
286 wish
284 dlokhov
283 great
276 sound
273 bor
270 that'
269 dress
266 god
265 front
262 action
261 troop
258 three
254 wound
250 forc
250 open
249 rememb
249 son
249 wait
248 appear
245 power
245 ptya
244 wife
243 matter
242 close
242 mind
242 movement
241 draw
241 petersburg
239 chief
239 tabl
237 word
234 night
233 laugh
230 cri
230 silent
230 thing
228 expect
228 fellow
226 friend
225 enemi
225 point
222 consid
222 hear
221 rode
219 even
219 road
218 reach
217 chang
217 stand
215 read
215 stop
214 vasli
211 find
210 brought
210 repeat
208 anatol
208 morn
207 direct
206 convers
206 meet
205 lai
204 mother
203 kiss
203 person
202 event
201 kill
201 white
200 cross
199 honor
199 reason
198 understood
197 carri
195 arriv
195 year
194 adjut
194 heart
191 affair
191 rose
188 help
188 tear
186 hold
186 remark
185 imposs
185 marri
184 hussar
183 light
183 set
182 dinner
182 interest
182 readi
182 strang
182 want
180 death
180 peasant
179 girl
179 small
178 field
178 forward
176 brother
176 longer
174 fact
174 fear
174 gallop
174 prepar
173 till
173 villag
173 woman
172 tone
171 attent
171 histori
169 larg
169 leg
169 new
169 terribl
168 gaze
168 rais
167 pierre'
167 spoke
166 shoulder
165 attack
165 clear
165 kind
163 hill
163 ladi
163 prison
163 soul
162 better
162 come
162 high
162 imagin
162 russia
162 world
161 cossack
161 report
160 address
160 bolknski
160 law
159 approach
159 walk
158 doctor
158 excel
158 plan
157 ball
157 carriag
157 hope
156 hair
156 state
155 whisper
154 met
154 work
152 suffer
151 free
151 surpris
150 de
150 human
150 plai
149 advanc
148 full
148 rest
147 bridg
147 form
146 famili
146 hundr
145 afraid
144 cold
144 husband
144 recogn
144 relat
143 anim
142 finish
142 held
142 mademoisel
141 activ
141 condit
141 dark
141 smoke
140 beauti
139 gun
139 lost
139 servic
139 staff
139 women
138 lip
138 march
138 think
137 air
137 busi
137 hlne
137 second
136 cart
136 half
136 societi
135 boi
135 window
134 aim
134 alptych
134 bagratin
134 daughter
134 explain
134 pleasur
132 third
131 burn
131 glad
131 seiz
131 town
130 coat
130 uniform
129 press
129 retreat
129 studi
129 touch
128 decid
128 historian
126 bed
126 fell
126 frighten
126 street
125 contrari
125 desir
125 monei
124 best
124 cours
124 fall
124 fight
124 grew
124 guard
123 arrang
123 bad
123 fine
123 german
123 peac
122 compani
122 lift
121 presenc
121 stai
120 abandon
120 duti
120 true
120 usual
119 black
119 bodi
119 mikhylovna
118 alexand
118 cry
118 excit
118 occupi
118 paus
118 strength
117 case
117 effort
117 ride
116 pace
116 short
116 write
115 book
115 militari
115 natsha'
115 opinion
115 regard
115 view
114 bow
114 mrya
114 occur
113 bourienn
113 campaign
113 cover
113 danger
113 idea
113 pale
113 serv
112 drew
112 feet
112 pvlovna
112 watch
111 allow
111 bring
111 danc
111 freedom
111 frown
111 join
111 led
111 minut
111 start
110 exist
110 handsom
110 interrupt
110 red
109 ground
109 hour
109 run
109 rush
108 forget
108 master
107 angri
107 destroi
107 make
107 sigh
107 silenc
106 present
106 ten
105 borodin
105 colonel
105 finger
105 late
105 man'
105 rank
105 rostopchn
104 offer
104 stori
104 subject
104 victori
103 children
103 corner
103 emperor'
103 mamma
103 paper
103 straight
102 account
102 captain
102 confus
102 fresh
102 grow
102 inevit
102 smolnsk
101 flank
101 visitor
100 await
100 child
100 pleas
100 thin
99 countri
99 doubt
99 figur
99 mean
98 napoleon'
98 tomorrow
98 utter
97 cap
97 natur
97 number
97 push
97 sleep
97 suit
97 unabl
97 water
96 agit
96 andrew'
96 group
95 acquaint
95 balashv
95 estat
95 frenchman
95 ill
95 rapidli
95 settl
94 calm
94 father'
94 inform
94 parti
94 sad
94 sight
94 struck
94 wrote
93 avoid
93 berg
93 demand
93 experienc
93 joi
93 learn
93 visit
92 drive
92 foot
92 promis
92 respect
91 complet
91 glass
91 lad
91 lead
91 send
91 sob
91 surround
90 clearli
90 delight
90 dmtrievna
90 intent
90 piti
90 pleasant
90 save
89 care
89 drop
89 mutter
89 prove
89 rise
89 special
88 admit
88 austrian
88 batteri
