1897 princ
1788 pierr
1093 natsha
1078 face
1073 time
1069 will
1067 man
1040 andrew
900 princess
896 thought
875 french
874 ey
865 hand
818 room
805 rostv
760 men
732 chapter
725 dai
725 smile
714 began
706 moscow
687 turn
685 armi
685 well
684 ask
671 count
647 look
644 offic
643 gener
632 love
629 felt
620 mari
619 head
609 order
605 left
598 nichola
598 russian
589 life
565 voic
555 peopl
551 emperor
551 talk
549 command
546 feel
534 long
524 express
522 hors
521 soldier
497 heard
488 repli
484 napoleon
461 moment
452 hous
449 countess
447 kutzov
442 young
433 move
431 side
428 suddenli
427 round
426 evid
422 understand
419 good
416 shout
412 snya
409 knew
409 told
384 dear
379 battl
375 speak
373 densov
370 arm
368 continu
367 place
364 call
362 pass
355 door
348 question
344 sat
342 answer
340 enter
339 fire
336 father
323 notic
323 war
320 go
320 happi
319 listen
315 glanc
315 posit
311 leav
307 stood
303 regiment
297 crowd
297 remain
295 live
295 return
293 anna
292 happen
291 sit
291 step
290 letter
289 receiv
286 wish
284 dlokhov
283 great
276 sound
273 bor
270 that'
269 dress
266 god
265 front
262 action
261 troop
258 three
254 wound
250 forc
250 open
249 rememb
249 son
249 wait
248 appear
245 power
245 ptya
244 wife
243 matter
242 close
242 mind
242 movement
241 draw
241 petersburg
239 chief
239 tabl
237 word
234 night
233 laugh
230 cri
230 silent
230 thing
228 expect
228 fellow
226 friend
225 enemi
225 point
222 consid
222 hear
221 rode
219 even
219 road
218 reach
217 chang
217 stand
215 read
215 stop
214 vasli
211 find
210 brought
210 repeat
208 anatol
208 morn
207 direct
206 convers
206 meet
205 lai
204 mother
203 kiss
203 person
202 event
201 kill
201 white
200 cross
199 honor
199 reason
198 understood
197 carri
195 arriv
195 year
194 adjut
194 heart
191 affair
191 rose
188 help
188 tear
186 hold
186 remark
185 imposs
185 marri
184 hussar
183 light
183 set
182 dinner
182 interest
182 readi
182 strang
182 want
180 death
180 peasant
179 girl
179 small
178 field
178 forward
176 brother
176 longer
174 fact
174 fear
174 gallop
174 prepar
173 till
173 villag
173 woman
172 tone
171 attent
171 histori
169 larg
169 leg
169 new
169 terribl
168 gaze
168 rais
167 pierre'
167 spoke
166 shoulder
165 attack
165 clear
165 kind
163 hill
163 ladi
163 prison
163 soul
162 better
162 come
162 high
162 imagin
162 russia
162 world
161 cossack
161 report
160 address
160 bolknski
160 law
159 approach
159 walk
158 doctor
158 excel
158 plan
157 ball
157 carriag
157 hope
156 hair
156 state
155 whisper
154 met
154 work
152 suffer
151 free
151 surpris
150 de
150 human
150 plai
149 advanc
148 full
148 rest
147 bridg
147 form
146 famili
146 hundr
145 afraid
144 cold
144 husband
144 recogn
144 relat
143 anim
142 finish
142 held
142 mademoisel
141 activ
141 condit
141 dark
141 smoke
140 beauti
139 gun
139 lost
139 servic
139 staff
139 women
138 lip
138 march
138 think
137 air
137 busi
137 hlne
137 second
136 cart
136 half
136 societi
135 boi
135 window
134 aim
134 alptych
134 bagratin
