1360 whale
481 ship
468 sea
453 man
436 time
433 ahab
423 ye
391 will
387 boat
342 hand
342 head
326 captain
322 long
315 chapter
307 great
278 white
263 ey
255 round
241 sperm
240 harpoon
240 three
236 dai
233 stubb
232 water
229 men
219 queequeg
218 well
215 side
213 turn
206 stand
202 good
191 call
191 sail
188 deck
183 thought
180 live
175 starbuck
171 sort
170 sir
163 cri
160 world
152 crew
151 god
149 ay
145 fish
141 life
141 night
139 air
137 hold
133 place
130 thee
128 pequod
128 strang
128 thing
128 whale'
126 feet
126 leg
126 voyag
125 nantucket
124 arm
124 sailor
124 small
123 point
121 till
119 sight
117 gener
116 bodi
116 face
116 leviathan
116 moment
113 thy
112 full
112 heart
107 poor
106 heard
106 roll
105 feel
105 lower
105 year
103 bow
103 light
102 high
101 mate
101 soul
100 black
98 flask
98 pass
98 work
97 case
97 matter
96 order
95 iron
95 land
94 natur
94 open
93 wind
92 form
92 mind
91 dead
91 set
90 remain
90 stood
90 touch
89 half
89 reason
88 lai
87 dark
87 mark
87 sun
87 tail
86 go
86 spout
86 wild
85 carri
85 mobi
85 true
84 chase
84 ocean
83 entir
82 bone
82 dart
82 hard
82 hear
82 jaw
81 length
80 death
80 dick
80 hour
80 oil
80 pull
79 cabin
79 close
79 er
79 larg
79 young
78 boi
78 sound
78 watch
78 wonder
77 ahab'
77 ship'
76 beneath
76 morn
76 speak
76 that'
75 bed
75 busi
75 command
75 cut
75 drop
74 bear
74 instant
74 leav
74 peculiar
73 bildad
73 king
73 mouth
73 sleep
73 start
73 vast
73 word
72 board
72 book
72 find
72 jonah
72 shark
71 creatur
70 deep
70 wave
69 fire
68 chanc
68 consid
68 kill
68 lord
68 mast-head
68 peleg
68 vessel
67 complet
67 rest
67 whalemen
66 fast
65 best
65 fisheri
65 left
65 pip
64 better
64 lanc
64 look
63 continu
63 float
62 aloft
62 concern
62 cook
62 oar
61 devil
61 hint
61 second
60 stori
60 there'
59 savag
59 strike
59 swim
58 heaven
58 help
58 hundr
58 rise
58 suppos
58 view
57 advanc
57 fear
57 fine
57 sign
57 wake
56 coffin
56 final
56 interv
56 short
56 stern
55 account
55 forward
55 indian
55 voic
54 blood
54 bottom
54 curiou
54 glanc
54 grand
54 island
54 lean
54 mast
54 object
54 peril
53 began
53 blow
53 clear
53 come
53 mortal
53 rope
53 smoke
53 tashtego
52 broad
52 circumst
52 fact
52 green
52 ground
52 mad
52 run
52 slowli
51 fellow
51 hunt
51 ivori
51 man'
50 common
50 craft
50 gaze
50 part
50 receiv
50 suddenli
50 ten
50 think
49 consider
49 draw
49 hoist
49 observ
49 pequod'
49 present
49 purpos
49 seat
49 stranger
49 toss
48 answer
48 carpent
48 english
48 instanc
48 lost
48 marin
48 power
48 rush
47 door
47 love
47 meet
47 mighti
47 monster
47 plank
47 precis
47 struck
47 teeth
46 broken
46 mass
46 reach
46 rock
46 room
46 told
45 art
45 caught
45 cours
45 cross
45 doubt
45 hous
45 human
45 rig
45 sat
44 calm
44 coast
44 hammer
44 leap
44 pipe
44 sudden
44 wide
43 brain
43 breath
43 direct
43 drag
43 friend
43 hail
43 jet
43 knew
43 make
43 mine
43 nobl
43 offic
43 origin
43 person
43 question
43 secur
43 straight
42 aspect
42 blue
42 brow
42 circl
42 encount
42 fill
42 heav
42 nigh
42 peopl
42 readi
42 seamen
42 seiz
42 wondrou
42 wood
41 ag
41 break
41 cape
41 cry
41 dash
41 distanc
41 felt
41 fin
41 fly
41 hat
41 hope
41 mere
41 move
41 murder
41 silent
41 sit
41 state
41 step
41 surfac
41 terror
40 american
40 appear
40 belong
40 earth
40 fanci
40 plain
40 queer
40 rais
40 shipmat
39 born
39 cast
39 compani
39 enter
39 escap
39 fix
39 fluke
39 forecastl
39 idea
39 learn
39 plainli
39 red
39 skeleton
38 boat'
38 brought
38 conclud
38 fit
38 flame
38 gain
38 keel
38 manner
38 quick
38 return
38 scene
38 sharp
38 singl
38 talk
38 town
38 truth
38 whaler
37 bulwark
37 ear
37 famou
37 fell
37 forehead
37 gentlemen
37 greenland
37 held
37 honor
37 level
37 loos
37 middl
37 mile
37 minut
37 pacif
37 pictur
37 read
37 rib
37 suspend
37 tabl
37 third
37 top
37 wall
36 beat
36 daggoo
36 gold
36 horn
36 hull
36 lad
36 lift
36 low
36 nose
36 regard
36 respect
36 separ
36 sing
36 sink
36 steelkilt
36 unknown
36 whaleman
35 burst
35 care
35 etern
35 ha
35 heavi
35 hunter
35 mention
35 passag
35 previou
35 spring
35 strong
35 thunder
35 tow
34 ashor
34 aw
34 compar
34 cruis
34 de
34 easi
34 fifti
34 inch
34 invest
34 paus
34 plai
34 shot
34 skin
33 ago
33 bit
33 blind
33 bulk
33 fair
33 forc
33 grow
33 hammock
33 intent
33 line
33 mild
33 rose
33 storm
33 visibl
33 weather
33 whale-ship
32 anim
32 burn
32 captur
32 chief
32 coil
32 fall
32 furnish
32 glide
32 hang
32 helm
32 huge
32 kind
32 landlord
32 pitch
32 proper
32 row
32 seek
32 shore
32 substanc
32 thick
32 woe
32 yard
31 aft
31 bring
31 cold
31 d'ye
31 degre
31 drive
31 foot
31 hump
31 intens
31 marvel
31 measur
31 motion
31 mount
31 number
31 prove
31 shadow
31 soft
31 speci
31 steadi
31 steer
31 strain
31 thrust
30 cannib
30 cask
30 descend
30 die
30 fresh
30 gale
30 interest
30 late
30 leeward
30 paint
30 secret
30 sidewai
30 skull
30 sky
30 steel
30 supper
30 swift
30 upper
30 wrinkl
29 altogeth
29 anchor
29 astern
29 behold
29 dive
29 enorm
29 express
29 free
29 front
29 hast
29 jump
29 laugh
29 lead
29 lurk
29 mountain
29 port
29 pretti
29 shake
29 spirit
29 sweet
29 swell
29 vain
28 ancient
28 chest
28 coat
28 content
28 cover
28 desir
28 doubloon
28 duti
28 extrem
28 gunwal
28 happen
28 hung
28 latitud
28 midnight
28 period
28 pole
28 possess
28 push
28 rear
28 ring
28 roar
28 royal
28 spot
28 subject
28 throw
28 tree
28 visit
27 alongsid
27 arriv
27 blubber
27 bright
27 dare
27 di
27 dream
