932 thy
580 arm
572 god
491 pg
457 great
396 war
389 son
376 hand
364 hector
361 chief
354 o'er
351 jove
330 field
330 trojan
320 dai
319 achil
301 troi
297 ey
295 plain
284 fate
284 greek
282 fight
278 forc
258 fall
255 power
253 hero
252 rage
245 heaven
244 king
238 vain
221 foe
214 high
213 greec
213 thee
213 wound
210 care
208 stand
205 wall
203 fire
203 friend
201 grecian
194 rise
192 breast
190 ground
190 shore
188 race
185 host
183 brave
183 death
183 round
180 head
180 man
177 soul
174 bold
173 spear
172 heart
170 dread
169 dead
168 slain
167 fame
167 fierc
164 will
160 trembl
159 long
159 shield
159 ski
158 flame
157 fear
157 gener
157 glori
156 steed
155 fly
155 swift
154 train
153 blood
152 ajax
152 fair
152 till
151 warrior
150 homer
150 spoke
149 band
148 divin
147 thunder
146 youth
143 art
143 call
143 men
142 sacr
141 hear
141 stood
140 command
140 love
140 ye
139 bear
139 dart
139 fli
137 furi
137 ship
136 lai
135 shade
134 chariot
132 side
129 ag
129 car
128 battl
128 patroclu
128 sire
127 lanc
127 shine
126 beneath
126 mortal
123 breath
123 deep
123 mind
122 descend
122 grace
122 mighti
122 prize
118 honour
117 spread
115 main
114 earth
114 live
113 dare
112 courser
112 turn
111 move
111 rest
110 full
110 repli
109 appear
109 immort
108 goddess
108 night
108 time
107 aid
107 troop
106 dust
106 fell
106 javelin
106 sound
106 woe
106 yield
105 li
104 bound
104 hast
104 ulyss
102 father
102 view
100 cloud
100 tear
99 voic
98 air
98 close
98 pierc
98 stern
96 fleet
96 life
96 roll
96 strong
95 led
95 princ
95 tent
94 bend
94 hope
94 light
94 rais
94 return
93 left
93 urg
92 combat
92 thought
92 toil
91 shake
90 attend
90 bow
90 cri
90 flight
90 form
90 labour
89 bright
89 golden
88 bodi
88 bore
88 gore
88 sad
87 heap
87 tower
86 hector'
86 sight
85 monarch
85 remain
85 wind
84 strength
83 armi
83 wide
82 blaze
82 length
82 rank
82 wave
81 gloriou
81 grief
81 guard
80 joi
80 point
80 state
79 heavenli
79 martial
79 work
78 heard
78 rush
78 wing
77 book
77 cours
77 fix'd
77 flew
77 gold
77 obei
76 lost
76 meet
76 pour
76 pursu
75 achilles'
75 brother
75 godlik
75 land
75 poem
75 stream
74 behold
74 burn
74 equal
74 gate
74 place
72 atrid
72 gift
72 illustr
72 receiv
71 order
71 retir
71 rich
71 silver
71 yon
70 bleed
70 emploi
70 face
70 maid
70 nestor
70 seiz
70 share
70 sorrow
70 well
69 engag
69 flood
69 groan
69 slaughter
68 broad
68 counsel
68 flow
68 sword
67 brazen
67 loud
67 nativ
67 send
66 bid
66 conquest
66 lift
66 mourn
66 palla
66 prepar
65 black
65 dire
65 lead
65 lord
65 mar
65 save
65 scene
65 seat
64 drew
64 extend
64 join
64 queen
64 resound
64 spoil
64 wretch
63 ampl
63 furiou
63 late
63 lofti
63 pari
62 crown'd
62 distant
62 etern
62 jove'
62 kind
62 nation
62 shout
62 sleep
62 vengeanc
61 boast
61 council
61 dark
61 spirit
61 wait
60 amidst
60 blow
60 charm
60 circl
60 ear
60 ilion
60 pant
60 shame
60 soft
60 spring
59 cast
59 dame
59 hors
59 lie
59 number
59 prayer
59 thine
59 wood
59 word
59 wrath
58 hostil
58 laid
58 leav
58 stai
58 thick
57 conquer
57 demand
57 part
57 sea
57 tydid
56 divid
56 inspir
56 juno
56 roar
56 seek
56 sink
56 year
55 author
55 born
55 bring
55 charg
55 lo
55 peac
55 phoebu
55 prais
55 press'd
55 rose
55 short
54 feel
54 hour
54 nea
54 ruin
54 scarc
54 shook
54 superior
54 theti
54 victor
54 weapon
53 bosom
53 ceas
53 celesti
53 deed
53 di
53 human
53 pleas
53 smoke
53 tide
52 armour
52 assist
52 bed
52 crowd
52 drive
52 er
52 fatal
52 held
52 hill
52 shoulder
52 sun
52 wise
51 arrow
51 danger
51 fled
51 lycian
51 mine
51 pass'd
51 throne
51 young
50 best
50 find
50 heaven'
50 mount
50 sky
50 steel
49 approach
49 die
49 feast
49 mountain
49 priam
48 ancient
48 decre
48 foam
48 iliad
48 limb
48 pride
48 prove
48 realm
48 rein
48 stretch'd
48 throng
48 valiant
47 apollo
47 aw
47 beheld
47 defend
47 feet
47 hate
47 larg
47 leader
47 merion
47 minerva
47 pass
47 restor
47 sudden
47 town
47 unhappi
46 camp
46 guid
46 load
46 mingl
46 mother
46 nod
46 rule
46 safe
46 sprung
46 warm
45 bath
45 beauteou
45 diom
45 embrac
45 glow
45 heav
45 pale
45 sage
45 swai
44 agamemnon
44 daughter
44 draw
44 fill
44 gain
44 nobl
44 pain
44 poet
44 sabl
44 sat
44 silent
44 terror
43 beat
43 father'
43 hero'
43 mark
43 neptun
43 prei
43 purpl
43 rock
43 sought
43 speak
42 alarm
42 doubt
42 herald
42 radiant
42 roll'd
42 storm
42 swell
42 troy'
42 vast
41 address'd
41 contend
41 dog
41 drove
41 half
41 jupit
41 ocean
41 reveng
41 slow
41 trust
41 turn'd
41 wonder
40 ascend
40 bloodi
40 burst
40 claim
40 country'
40 desert
40 good
40 manli
40 matchless
